Listening on 8000
[Wed Sep 15 2021 01:50:02 GMT+0900 (日本標準時)] Server Error Error: listen EADDRINUSE: address already in use :::8000
    at Server.setupListenHandle [as _listen2] (net.js:1318:16)
    at listenInCluster (net.js:1366:12)
    at Server.listen (net.js:1452:7)
    at Object.<anonymous> (/app/index.js:20:8)
    at Module._compile (internal/modules/cjs/loader.js:1063:30)
    at Object.Module._extensions..js (internal/modules/cjs/loader.js:1092:10)
    at Module.load (internal/modules/cjs/loader.js:928:32)
    at Function.Module._load (internal/modules/cjs/loader.js:769:14)
    at Function.executeUserEntryPoint [as runMain] (internal/modules/run_main.js:72:12)
    at internal/main/run_main_module.js:17:47 {
  code: 'EADDRINUSE',
  errno: -98,
  syscall: 'listen',
  address: '::',
  port: 8000
}
[Wed Sep 15 2021 01:50:31 GMT+0900 (日本標準時)] Requested by ::ffff:172.25.0.1
[Wed Sep 15 2021 01:50:32 GMT+0900 (日本標準時)] Requested by ::ffff:172.25.0.1
[Wed Sep 15 2021 02:00:33 GMT+0900 (日本標準時)] Listening on 8000
